06-09-2022 @ 20:36:56 - ---[ New import started at 2022-06-09 20:36:56 ] PHP Memory: 2 GB, WP Memory: 40 MB
06-09-2022 @ 20:36:56 - Preparing for import.
06-09-2022 @ 20:36:56 - Row :1 - Parsing item.
06-09-2022 @ 20:36:56 - Row :1 - Processing item.
06-09-2022 @ 20:36:57 - Row :1 - Category updated successfully.
06-09-2022 @ 20:36:57 - Row :2 - Parsing item.
06-09-2022 @ 20:36:57 - Row :2 - Processing item.
06-09-2022 @ 20:36:57 - Row :2 - Category updated successfully.
06-09-2022 @ 20:36:57 - Row :3 - Parsing item.
06-09-2022 @ 20:36:57 - Row :3 - Processing item.
06-09-2022 @ 20:36:59 - Row :3 - Category updated successfully.
06-09-2022 @ 20:36:59 - Row :4 - Parsing item.
06-09-2022 @ 20:36:59 - Row :4 - Processing item.
06-09-2022 @ 20:37:07 - Row :4 - Category updated successfully.
06-09-2022 @ 20:37:07 - Row :5 - Parsing item.
06-09-2022 @ 20:37:07 - Row :5 - Processing item.
06-09-2022 @ 20:37:23 - Row :5 - Category updated successfully.
06-09-2022 @ 20:37:23 - Row :6 - Parsing item.
06-09-2022 @ 20:37:23 - Row :6 - Processing item.
06-09-2022 @ 20:37:33 - Row :6 - Category updated successfully.
06-09-2022 @ 20:37:33 - Row :7 - Parsing item.
06-09-2022 @ 20:37:33 - Row :7 - Processing item.
06-09-2022 @ 20:37:33 - Row :7 - Category updated successfully.
06-09-2022 @ 20:37:33 - Row :8 - Parsing item.
06-09-2022 @ 20:37:33 - Row :8 - Processing item.
06-09-2022 @ 20:37:35 - Row :8 - Category updated successfully.
06-09-2022 @ 20:37:35 - Row :9 - Parsing item.
06-09-2022 @ 20:37:35 - Row :9 - Processing item.
06-09-2022 @ 20:37:36 - Row :9 - Category updated successfully.
06-09-2022 @ 20:37:36 - Row :10 - Parsing item.
06-09-2022 @ 20:37:36 - Row :10 - Processing item.
06-09-2022 @ 20:37:37 - Row :10 - Category updated successfully.
06-09-2022 @ 20:37:43 - Preparing for import.
06-09-2022 @ 20:37:43 - Row :11 - Parsing item.
06-09-2022 @ 20:37:43 - Row :11 - Processing item.
06-09-2022 @ 20:37:44 - Row :11 - Category imported successfully.
06-09-2022 @ 20:37:44 - Row :12 - Parsing item.
06-09-2022 @ 20:37:44 - Row :12 - Processing item.
06-09-2022 @ 20:37:45 - Row :12 - Category imported successfully.
06-09-2022 @ 20:37:45 - Row :13 - Parsing item.
06-09-2022 @ 20:37:45 - Row :13 - Processing item.
06-09-2022 @ 20:37:47 - Row :13 - Category imported successfully.
06-09-2022 @ 20:37:47 - Row :14 - Parsing item.
06-09-2022 @ 20:37:47 - Row :14 - Processing item.
06-09-2022 @ 20:37:47 - Row :14 - Category imported successfully.
06-09-2022 @ 20:37:47 - Row :15 - Parsing item.
06-09-2022 @ 20:37:47 - Row :15 - Processing item.
06-09-2022 @ 20:37:56 - Row :15 - Category imported successfully.
06-09-2022 @ 20:37:56 - Row :16 - Parsing item.
06-09-2022 @ 20:37:56 - Row :16 - Processing item.
06-09-2022 @ 20:37:57 - Row :16 - Category imported successfully.
06-09-2022 @ 20:37:57 - Row :17 - Parsing item.
06-09-2022 @ 20:37:57 - Row :17 - Processing item.
06-09-2022 @ 20:37:59 - Row :17 - Category imported successfully.
06-09-2022 @ 20:37:59 - Row :18 - Parsing item.
06-09-2022 @ 20:37:59 - Row :18 - Processing item.
06-09-2022 @ 20:38:00 - Row :18 - Category imported successfully.
06-09-2022 @ 20:38:00 - Row :19 - Parsing item.
06-09-2022 @ 20:38:00 - Row :19 - Processing item.
06-09-2022 @ 20:38:03 - Row :19 - Category imported successfully.
06-09-2022 @ 20:38:03 - Row :20 - Parsing item.
06-09-2022 @ 20:38:03 - Row :20 - Processing item.
06-09-2022 @ 20:38:03 - Row :20 - Category imported successfully.
06-09-2022 @ 20:38:08 - Preparing for import.
06-09-2022 @ 20:38:08 - Row :21 - Parsing item.
06-09-2022 @ 20:38:08 - Row :21 - Processing item.
06-09-2022 @ 20:38:09 - Row :21 - Category imported successfully.
06-09-2022 @ 20:38:09 - Row :22 - Parsing item.
06-09-2022 @ 20:38:09 - Row :22 - Processing item.
06-09-2022 @ 20:38:11 - Row :22 - Category imported successfully.
06-09-2022 @ 20:38:11 - Row :23 - Parsing item.
06-09-2022 @ 20:38:11 - Row :23 - Processing item.
06-09-2022 @ 20:38:13 - Row :23 - Category imported successfully.
06-09-2022 @ 20:38:13 - Row :24 - Parsing item.
06-09-2022 @ 20:38:13 - Row :24 - Processing item.
06-09-2022 @ 20:38:14 - Row :24 - Category imported successfully.
06-09-2022 @ 20:38:14 - Row :25 - Parsing item.
06-09-2022 @ 20:38:14 - Row :25 - Processing item.
06-09-2022 @ 20:38:14 - Row :25 - Category imported successfully.
06-09-2022 @ 20:38:14 - Row :26 - Parsing item.
06-09-2022 @ 20:38:14 - Row :26 - Processing item.
06-09-2022 @ 20:38:15 - Row :26 - Category imported successfully.
06-09-2022 @ 20:38:15 - Row :27 - Parsing item.
06-09-2022 @ 20:38:15 - Row :27 - Processing item.
06-09-2022 @ 20:38:18 - Row :27 - Category imported successfully.
06-09-2022 @ 20:38:18 - Row :28 - Parsing item.
06-09-2022 @ 20:38:18 - Row :28 - Processing item.
06-09-2022 @ 20:38:19 - Row :28 - Category imported successfully.
06-09-2022 @ 20:38:19 - Row :29 - Parsing item.
06-09-2022 @ 20:38:19 - Row :29 - Processing item.
06-09-2022 @ 20:38:21 - Row :29 - Category imported successfully.
06-09-2022 @ 20:38:21 - Row :30 - Parsing item.
06-09-2022 @ 20:38:21 - Row :30 - Processing item.
06-09-2022 @ 20:38:22 - Row :30 - Category imported successfully.
06-09-2022 @ 20:38:27 - Preparing for import.
06-09-2022 @ 20:38:27 - Row :31 - Parsing item.
06-09-2022 @ 20:38:27 - Row :31 - Processing item.
06-09-2022 @ 20:38:29 - Row :31 - Category imported successfully.
06-09-2022 @ 20:38:29 - Row :32 - Parsing item.
06-09-2022 @ 20:38:29 - Row :32 - Processing item.
06-09-2022 @ 20:38:34 - Row :32 - Category imported successfully.
06-09-2022 @ 20:38:34 - Row :33 - Parsing item.
06-09-2022 @ 20:38:34 - Row :33 - Processing item.
06-09-2022 @ 20:38:40 - Row :33 - Category imported successfully.
06-09-2022 @ 20:38:40 - Row :34 - Parsing item.
06-09-2022 @ 20:38:40 - Row :34 - Processing item.
06-09-2022 @ 20:38:40 - Row :34 - Category imported successfully.
06-09-2022 @ 20:38:40 - Row :35 - Parsing item.
06-09-2022 @ 20:38:40 - Row :35 - Processing item.
06-09-2022 @ 20:38:42 - Row :35 - Category imported successfully.
06-09-2022 @ 20:38:42 - Row :36 - Parsing item.
06-09-2022 @ 20:38:42 - Row :36 - Processing item.
06-09-2022 @ 20:38:45 - Row :36 - Category imported successfully.
06-09-2022 @ 20:38:45 - Row :37 - Parsing item.
06-09-2022 @ 20:38:45 - Row :37 - Processing item.
06-09-2022 @ 20:38:46 - Row :37 - Category imported successfully.
06-09-2022 @ 20:38:46 - Row :38 - Parsing item.
06-09-2022 @ 20:38:46 - Row :38 - Processing item.
06-09-2022 @ 20:38:46 - Row :38 - Category imported successfully.
06-09-2022 @ 20:38:46 - Row :39 - Parsing item.
06-09-2022 @ 20:38:46 - Row :39 - Processing item.
06-09-2022 @ 20:38:46 - Row :39 - Category imported successfully.
06-09-2022 @ 20:38:46 - Row :40 - Parsing item.
06-09-2022 @ 20:38:46 - Row :40 - Processing item.
06-09-2022 @ 20:38:47 - Row :40 - Category imported successfully.
06-09-2022 @ 20:38:53 - Preparing for import.
06-09-2022 @ 20:38:53 - Row :41 - Parsing item.
06-09-2022 @ 20:38:53 - Row :41 - Processing item.
06-09-2022 @ 20:38:56 - Row :41 - Category imported successfully.
06-09-2022 @ 20:38:56 - Row :42 - Parsing item.
06-09-2022 @ 20:38:56 - Row :42 - Processing item.
06-09-2022 @ 20:38:59 - Row :42 - Category imported successfully.
06-09-2022 @ 20:38:59 - Row :43 - Parsing item.
06-09-2022 @ 20:38:59 - Row :43 - Processing item.
06-09-2022 @ 20:39:01 - Row :43 - Category imported successfully.
06-09-2022 @ 20:39:01 - ---[ Import ended at 2022-06-09 20:39:01]---
