06-09-2022 @ 20:48:47 - ---[ New import started at 2022-06-09 20:48:47 ] PHP Memory: 2 GB, WP Memory: 40 MB
06-09-2022 @ 20:48:47 - Preparing for import.
06-09-2022 @ 20:48:47 - Row :1 - Parsing item.
06-09-2022 @ 20:48:47 - Row :1 - Processing item.
06-09-2022 @ 20:48:47 - Row :1 - Tag imported successfully.
06-09-2022 @ 20:48:47 - Row :2 - Parsing item.
06-09-2022 @ 20:48:47 - Row :2 - Processing item.
06-09-2022 @ 20:48:47 - Row :2 - Tag imported successfully.
06-09-2022 @ 20:48:47 - Row :3 - Parsing item.
06-09-2022 @ 20:48:47 - Row :3 - Processing item.
06-09-2022 @ 20:48:47 - Row :3 - Tag imported successfully.
06-09-2022 @ 20:48:47 - Row :4 - Parsing item.
06-09-2022 @ 20:48:47 - Row :4 - Processing item.
06-09-2022 @ 20:48:47 - Row :4 - Tag imported successfully.
06-09-2022 @ 20:48:47 - Row :5 - Parsing item.
06-09-2022 @ 20:48:47 - Row :5 - Processing item.
06-09-2022 @ 20:48:47 - Row :5 - Tag imported successfully.
06-09-2022 @ 20:48:47 - Row :6 - Parsing item.
06-09-2022 @ 20:48:47 - Row :6 - Processing item.
06-09-2022 @ 20:48:48 - Row :6 - Tag imported successfully.
06-09-2022 @ 20:48:48 - Row :7 - Parsing item.
06-09-2022 @ 20:48:48 - Row :7 - Processing item.
06-09-2022 @ 20:48:48 - Row :7 - Tag imported successfully.
06-09-2022 @ 20:48:48 - Row :8 - Parsing item.
06-09-2022 @ 20:48:48 - Row :8 - Processing item.
06-09-2022 @ 20:48:48 - Row :8 - Tag imported successfully.
06-09-2022 @ 20:48:48 - Row :9 - Parsing item.
06-09-2022 @ 20:48:48 - Row :9 - Processing item.
06-09-2022 @ 20:48:48 - Row :9 - Tag imported successfully.
06-09-2022 @ 20:48:48 - Row :10 - Parsing item.
06-09-2022 @ 20:48:48 - Row :10 - Processing item.
06-09-2022 @ 20:48:48 - Row :10 - Tag imported successfully.
06-09-2022 @ 20:48:53 - Preparing for import.
06-09-2022 @ 20:48:53 - Row :11 - Parsing item.
06-09-2022 @ 20:48:53 - Row :11 - Processing item.
06-09-2022 @ 20:48:53 - Row :11 - Tag imported successfully.
06-09-2022 @ 20:48:53 - Row :12 - Parsing item.
06-09-2022 @ 20:48:53 - Row :12 - Processing item.
06-09-2022 @ 20:48:53 - Row :12 - Tag imported successfully.
06-09-2022 @ 20:48:53 - Row :13 - Parsing item.
06-09-2022 @ 20:48:53 - Row :13 - Processing item.
06-09-2022 @ 20:48:53 - Row :13 - Tag imported successfully.
06-09-2022 @ 20:48:53 - Row :14 - Parsing item.
06-09-2022 @ 20:48:53 - Row :14 - Processing item.
06-09-2022 @ 20:48:53 - Row :14 - Tag imported successfully.
06-09-2022 @ 20:48:53 - Row :15 - Parsing item.
06-09-2022 @ 20:48:53 - Row :15 - Processing item.
06-09-2022 @ 20:48:53 - Row :15 - Tag imported successfully.
06-09-2022 @ 20:48:53 - Row :16 - Parsing item.
06-09-2022 @ 20:48:53 - Row :16 - Processing item.
06-09-2022 @ 20:48:53 - Row :16 - Tag imported successfully.
06-09-2022 @ 20:48:53 - Row :17 - Parsing item.
06-09-2022 @ 20:48:53 - Row :17 - Processing item.
06-09-2022 @ 20:48:53 - Row :17 - Tag imported successfully.
06-09-2022 @ 20:48:53 - Row :18 - Parsing item.
06-09-2022 @ 20:48:53 - Row :18 - Processing item.
06-09-2022 @ 20:48:53 - Row :18 - Tag imported successfully.
06-09-2022 @ 20:48:53 - Row :19 - Parsing item.
06-09-2022 @ 20:48:53 - Row :19 - Processing item.
06-09-2022 @ 20:48:53 - Row :19 - Tag imported successfully.
06-09-2022 @ 20:48:53 - Row :20 - Parsing item.
06-09-2022 @ 20:48:53 - Row :20 - Processing item.
06-09-2022 @ 20:48:54 - Row :20 - Tag imported successfully.
06-09-2022 @ 20:48:59 - Preparing for import.
06-09-2022 @ 20:48:59 - Row :21 - Parsing item.
06-09-2022 @ 20:48:59 - Row :21 - Processing item.
06-09-2022 @ 20:48:59 - Row :21 - Tag imported successfully.
06-09-2022 @ 20:48:59 - Row :22 - Parsing item.
06-09-2022 @ 20:48:59 - Row :22 - Processing item.
06-09-2022 @ 20:48:59 - Row :22 - Tag imported successfully.
06-09-2022 @ 20:48:59 - Row :23 - Parsing item.
06-09-2022 @ 20:48:59 - Row :23 - Processing item.
06-09-2022 @ 20:48:59 - Row :23 - Tag imported successfully.
06-09-2022 @ 20:48:59 - Row :24 - Parsing item.
06-09-2022 @ 20:48:59 - Row :24 - Processing item.
06-09-2022 @ 20:48:59 - Row :24 - Tag imported successfully.
06-09-2022 @ 20:48:59 - Row :25 - Parsing item.
06-09-2022 @ 20:48:59 - Row :25 - Processing item.
06-09-2022 @ 20:48:59 - Row :25 - Tag imported successfully.
06-09-2022 @ 20:48:59 - Row :26 - Parsing item.
06-09-2022 @ 20:48:59 - Row :26 - Processing item.
06-09-2022 @ 20:48:59 - Row :26 - Tag imported successfully.
06-09-2022 @ 20:48:59 - Row :27 - Parsing item.
06-09-2022 @ 20:48:59 - Row :27 - Processing item.
06-09-2022 @ 20:48:59 - Row :27 - Tag imported successfully.
06-09-2022 @ 20:48:59 - Row :28 - Parsing item.
06-09-2022 @ 20:48:59 - Row :28 - Processing item.
06-09-2022 @ 20:48:59 - Row :28 - Tag imported successfully.
06-09-2022 @ 20:48:59 - Row :29 - Parsing item.
06-09-2022 @ 20:48:59 - Row :29 - Processing item.
06-09-2022 @ 20:48:59 - Row :29 - Tag imported successfully.
06-09-2022 @ 20:48:59 - Row :30 - Parsing item.
06-09-2022 @ 20:48:59 - Row :30 - Processing item.
06-09-2022 @ 20:48:59 - Row :30 - Tag imported successfully.
06-09-2022 @ 20:49:04 - Preparing for import.
06-09-2022 @ 20:49:04 - Row :31 - Parsing item.
06-09-2022 @ 20:49:04 - Row :31 - Processing item.
06-09-2022 @ 20:49:04 - Row :31 - Tag imported successfully.
06-09-2022 @ 20:49:04 - Row :32 - Parsing item.
06-09-2022 @ 20:49:04 - Row :32 - Processing item.
06-09-2022 @ 20:49:04 - Row :32 - Tag imported successfully.
06-09-2022 @ 20:49:04 - Row :33 - Parsing item.
06-09-2022 @ 20:49:04 - Row :33 - Processing item.
06-09-2022 @ 20:49:04 - Row :33 - Tag imported successfully.
06-09-2022 @ 20:49:04 - Row :34 - Parsing item.
06-09-2022 @ 20:49:04 - Row :34 - Processing item.
06-09-2022 @ 20:49:05 - Row :34 - Tag imported successfully.
06-09-2022 @ 20:49:05 - Row :35 - Parsing item.
06-09-2022 @ 20:49:05 - Row :35 - Processing item.
06-09-2022 @ 20:49:05 - Row :35 - Tag imported successfully.
06-09-2022 @ 20:49:05 - Row :36 - Parsing item.
06-09-2022 @ 20:49:05 - Row :36 - Processing item.
06-09-2022 @ 20:49:05 - Row :36 - Tag imported successfully.
06-09-2022 @ 20:49:05 - Row :37 - Parsing item.
06-09-2022 @ 20:49:05 - Row :37 - Processing item.
06-09-2022 @ 20:49:05 - Row :37 - Tag imported successfully.
06-09-2022 @ 20:49:05 - Row :38 - Parsing item.
06-09-2022 @ 20:49:05 - Row :38 - Processing item.
06-09-2022 @ 20:49:05 - Row :38 - Tag imported successfully.
06-09-2022 @ 20:49:05 - Row :39 - Parsing item.
06-09-2022 @ 20:49:05 - Row :39 - Processing item.
06-09-2022 @ 20:49:05 - Row :39 - Tag imported successfully.
06-09-2022 @ 20:49:05 - Row :40 - Parsing item.
06-09-2022 @ 20:49:05 - Row :40 - Processing item.
06-09-2022 @ 20:49:05 - Row :40 - Tag imported successfully.
06-09-2022 @ 20:49:10 - Preparing for import.
06-09-2022 @ 20:49:10 - Row :41 - Parsing item.
06-09-2022 @ 20:49:10 - Row :41 - Processing item.
06-09-2022 @ 20:49:10 - Row :41 - Tag imported successfully.
06-09-2022 @ 20:49:10 - Row :42 - Parsing item.
06-09-2022 @ 20:49:10 - Row :42 - Processing item.
06-09-2022 @ 20:49:10 - Row :42 - Tag imported successfully.
06-09-2022 @ 20:49:10 - Row :43 - Parsing item.
06-09-2022 @ 20:49:10 - Row :43 - Processing item.
06-09-2022 @ 20:49:10 - Row :43 - Tag imported successfully.
06-09-2022 @ 20:49:10 - Row :44 - Parsing item.
06-09-2022 @ 20:49:10 - Row :44 - Processing item.
06-09-2022 @ 20:49:10 - Row :44 - Tag imported successfully.
06-09-2022 @ 20:49:10 - Row :45 - Parsing item.
06-09-2022 @ 20:49:10 - Row :45 - Processing item.
06-09-2022 @ 20:49:10 - Row :45 - Tag imported successfully.
06-09-2022 @ 20:49:10 - Row :46 - Parsing item.
06-09-2022 @ 20:49:10 - Row :46 - Processing item.
06-09-2022 @ 20:49:10 - Row :46 - Tag imported successfully.
06-09-2022 @ 20:49:11 - Row :47 - Parsing item.
06-09-2022 @ 20:49:11 - Row :47 - Processing item.
06-09-2022 @ 20:49:11 - Row :47 - Tag imported successfully.
06-09-2022 @ 20:49:11 - Row :48 - Parsing item.
06-09-2022 @ 20:49:11 - Row :48 - Processing item.
06-09-2022 @ 20:49:11 - Row :48 - Tag imported successfully.
06-09-2022 @ 20:49:11 - Row :49 - Parsing item.
06-09-2022 @ 20:49:11 - Row :49 - Processing item.
06-09-2022 @ 20:49:11 - Row :49 - Tag imported successfully.
06-09-2022 @ 20:49:11 - Row :50 - Parsing item.
06-09-2022 @ 20:49:11 - Row :50 - Processing item.
06-09-2022 @ 20:49:11 - Row :50 - Tag imported successfully.
06-09-2022 @ 20:49:16 - Preparing for import.
06-09-2022 @ 20:49:16 - Row :51 - Parsing item.
06-09-2022 @ 20:49:16 - Row :51 - Processing item.
06-09-2022 @ 20:49:16 - Row :51 - Tag imported successfully.
06-09-2022 @ 20:49:16 - Row :52 - Parsing item.
06-09-2022 @ 20:49:16 - Row :52 - Processing item.
06-09-2022 @ 20:49:16 - Row :52 - Tag imported successfully.
06-09-2022 @ 20:49:16 - Row :53 - Parsing item.
06-09-2022 @ 20:49:16 - Row :53 - Processing item.
06-09-2022 @ 20:49:16 - Row :53 - Tag imported successfully.
06-09-2022 @ 20:49:16 - Row :54 - Parsing item.
06-09-2022 @ 20:49:16 - Row :54 - Processing item.
06-09-2022 @ 20:49:16 - Row :54 - Tag imported successfully.
06-09-2022 @ 20:49:16 - Row :55 - Parsing item.
06-09-2022 @ 20:49:16 - Row :55 - Processing item.
06-09-2022 @ 20:49:16 - Row :55 - Tag imported successfully.
06-09-2022 @ 20:49:16 - Row :56 - Parsing item.
06-09-2022 @ 20:49:16 - Row :56 - Processing item.
06-09-2022 @ 20:49:16 - Row :56 - Tag imported successfully.
06-09-2022 @ 20:49:16 - Row :57 - Parsing item.
06-09-2022 @ 20:49:16 - Row :57 - Processing item.
06-09-2022 @ 20:49:16 - Row :57 - Tag imported successfully.
06-09-2022 @ 20:49:16 - Row :58 - Parsing item.
06-09-2022 @ 20:49:16 - Row :58 - Processing item.
06-09-2022 @ 20:49:16 - Row :58 - Tag imported successfully.
06-09-2022 @ 20:49:16 - Row :59 - Parsing item.
06-09-2022 @ 20:49:16 - Row :59 - Processing item.
06-09-2022 @ 20:49:16 - Row :59 - Tag imported successfully.
06-09-2022 @ 20:49:16 - Row :60 - Parsing item.
06-09-2022 @ 20:49:16 - Row :60 - Processing item.
06-09-2022 @ 20:49:16 - Row :60 - Tag imported successfully.
06-09-2022 @ 20:49:21 - Preparing for import.
06-09-2022 @ 20:49:21 - Row :61 - Parsing item.
06-09-2022 @ 20:49:21 - Row :61 - Processing item.
06-09-2022 @ 20:49:21 - Row :61 - Tag imported successfully.
06-09-2022 @ 20:49:21 - Row :62 - Parsing item.
06-09-2022 @ 20:49:21 - Row :62 - Processing item.
06-09-2022 @ 20:49:21 - Row :62 - Tag imported successfully.
06-09-2022 @ 20:49:21 - Row :63 - Parsing item.
06-09-2022 @ 20:49:21 - Row :63 - Processing item.
06-09-2022 @ 20:49:22 - Row :63 - Tag imported successfully.
06-09-2022 @ 20:49:22 - Row :64 - Parsing item.
06-09-2022 @ 20:49:22 - Row :64 - Processing item.
06-09-2022 @ 20:49:22 - Row :64 - Tag imported successfully.
06-09-2022 @ 20:49:22 - Row :65 - Parsing item.
06-09-2022 @ 20:49:22 - Row :65 - Processing item.
06-09-2022 @ 20:49:22 - Row :65 - Tag imported successfully.
06-09-2022 @ 20:49:22 - Row :66 - Parsing item.
06-09-2022 @ 20:49:22 - Row :66 - Processing item.
06-09-2022 @ 20:49:22 - Row :66 - Tag imported successfully.
06-09-2022 @ 20:49:22 - Row :67 - Parsing item.
06-09-2022 @ 20:49:22 - Row :67 - Processing item.
06-09-2022 @ 20:49:22 - Row :67 - Tag imported successfully.
06-09-2022 @ 20:49:22 - Row :68 - Parsing item.
06-09-2022 @ 20:49:22 - Row :68 - Processing item.
06-09-2022 @ 20:49:22 - Row :68 - Tag imported successfully.
06-09-2022 @ 20:49:22 - Row :69 - Parsing item.
06-09-2022 @ 20:49:22 - Row :69 - Processing item.
06-09-2022 @ 20:49:22 - Row :69 - Tag imported successfully.
06-09-2022 @ 20:49:22 - Row :70 - Parsing item.
06-09-2022 @ 20:49:22 - Row :70 - Processing item.
06-09-2022 @ 20:49:22 - Row :70 - Tag imported successfully.
06-09-2022 @ 20:49:27 - Preparing for import.
06-09-2022 @ 20:49:27 - Row :71 - Parsing item.
06-09-2022 @ 20:49:27 - Row :71 - Processing item.
06-09-2022 @ 20:49:27 - Row :71 - Tag imported successfully.
06-09-2022 @ 20:49:27 - Row :72 - Parsing item.
06-09-2022 @ 20:49:27 - Row :72 - Processing item.
06-09-2022 @ 20:49:27 - Row :72 - Tag imported successfully.
06-09-2022 @ 20:49:27 - Row :73 - Parsing item.
06-09-2022 @ 20:49:27 - Row :73 - Processing item.
06-09-2022 @ 20:49:27 - Row :73 - Tag imported successfully.
06-09-2022 @ 20:49:27 - Row :74 - Parsing item.
06-09-2022 @ 20:49:27 - Row :74 - Processing item.
06-09-2022 @ 20:49:27 - Row :74 - Tag imported successfully.
06-09-2022 @ 20:49:27 - Row :75 - Parsing item.
06-09-2022 @ 20:49:27 - Row :75 - Processing item.
06-09-2022 @ 20:49:27 - Row :75 - Tag imported successfully.
06-09-2022 @ 20:49:27 - Row :76 - Parsing item.
06-09-2022 @ 20:49:27 - Row :76 - Processing item.
06-09-2022 @ 20:49:27 - Row :76 - Tag imported successfully.
06-09-2022 @ 20:49:27 - Row :77 - Parsing item.
06-09-2022 @ 20:49:27 - Row :77 - Processing item.
06-09-2022 @ 20:49:28 - Row :77 - Tag imported successfully.
06-09-2022 @ 20:49:28 - Row :78 - Parsing item.
06-09-2022 @ 20:49:28 - Row :78 - Processing item.
06-09-2022 @ 20:49:28 - Row :78 - Tag imported successfully.
06-09-2022 @ 20:49:28 - Row :79 - Parsing item.
06-09-2022 @ 20:49:28 - Row :79 - Processing item.
06-09-2022 @ 20:49:28 - Row :79 - Tag imported successfully.
06-09-2022 @ 20:49:28 - Row :80 - Parsing item.
06-09-2022 @ 20:49:28 - Row :80 - Processing item.
06-09-2022 @ 20:49:28 - Row :80 - Tag imported successfully.
06-09-2022 @ 20:49:33 - Preparing for import.
06-09-2022 @ 20:49:33 - Row :81 - Parsing item.
06-09-2022 @ 20:49:33 - Row :81 - Processing item.
06-09-2022 @ 20:49:33 - Row :81 - Tag imported successfully.
06-09-2022 @ 20:49:33 - Row :82 - Parsing item.
06-09-2022 @ 20:49:33 - Row :82 - Processing item.
06-09-2022 @ 20:49:33 - Row :82 - Tag imported successfully.
06-09-2022 @ 20:49:33 - Row :83 - Parsing item.
06-09-2022 @ 20:49:33 - Row :83 - Processing item.
06-09-2022 @ 20:49:33 - Row :83 - Tag imported successfully.
06-09-2022 @ 20:49:33 - Row :84 - Parsing item.
06-09-2022 @ 20:49:33 - Row :84 - Processing item.
06-09-2022 @ 20:49:33 - Row :84 - Tag imported successfully.
06-09-2022 @ 20:49:33 - Row :85 - Parsing item.
06-09-2022 @ 20:49:33 - Row :85 - Processing item.
06-09-2022 @ 20:49:33 - Row :85 - Tag imported successfully.
06-09-2022 @ 20:49:33 - Row :86 - Parsing item.
06-09-2022 @ 20:49:33 - Row :86 - Processing item.
06-09-2022 @ 20:49:33 - Row :86 - Tag imported successfully.
06-09-2022 @ 20:49:33 - Row :87 - Parsing item.
06-09-2022 @ 20:49:33 - Row :87 - Processing item.
06-09-2022 @ 20:49:33 - Row :87 - Tag imported successfully.
06-09-2022 @ 20:49:33 - Row :88 - Parsing item.
06-09-2022 @ 20:49:33 - Row :88 - Processing item.
06-09-2022 @ 20:49:33 - Row :88 - Tag imported successfully.
06-09-2022 @ 20:49:33 - Row :89 - Parsing item.
06-09-2022 @ 20:49:33 - Row :89 - Processing item.
06-09-2022 @ 20:49:33 - Row :89 - Tag imported successfully.
06-09-2022 @ 20:49:33 - Row :90 - Parsing item.
06-09-2022 @ 20:49:33 - Row :90 - Processing item.
06-09-2022 @ 20:49:34 - Row :90 - Tag imported successfully.
06-09-2022 @ 20:49:38 - Preparing for import.
06-09-2022 @ 20:49:38 - Row :91 - Parsing item.
06-09-2022 @ 20:49:38 - Row :91 - Processing item.
06-09-2022 @ 20:49:38 - Row :91 - Tag imported successfully.
06-09-2022 @ 20:49:38 - Row :92 - Parsing item.
06-09-2022 @ 20:49:38 - Row :92 - Processing item.
06-09-2022 @ 20:49:38 - Row :92 - Tag imported successfully.
06-09-2022 @ 20:49:38 - Row :93 - Parsing item.
06-09-2022 @ 20:49:38 - Row :93 - Processing item.
06-09-2022 @ 20:49:39 - Row :93 - Tag imported successfully.
06-09-2022 @ 20:49:39 - Row :94 - Parsing item.
06-09-2022 @ 20:49:39 - Row :94 - Processing item.
06-09-2022 @ 20:49:39 - Row :94 - Tag imported successfully.
06-09-2022 @ 20:49:39 - Row :95 - Parsing item.
06-09-2022 @ 20:49:39 - Row :95 - Processing item.
06-09-2022 @ 20:49:39 - Row :95 - Tag imported successfully.
06-09-2022 @ 20:49:39 - Row :96 - Parsing item.
06-09-2022 @ 20:49:39 - Row :96 - Processing item.
06-09-2022 @ 20:49:39 - Row :96 - Tag imported successfully.
06-09-2022 @ 20:49:39 - Row :97 - Parsing item.
06-09-2022 @ 20:49:39 - Row :97 - Processing item.
06-09-2022 @ 20:49:39 - Row :97 - Tag imported successfully.
06-09-2022 @ 20:49:39 - Row :98 - Parsing item.
06-09-2022 @ 20:49:39 - Row :98 - Processing item.
06-09-2022 @ 20:49:39 - Row :98 - Tag imported successfully.
06-09-2022 @ 20:49:39 - Row :99 - Parsing item.
06-09-2022 @ 20:49:39 - Row :99 - Processing item.
06-09-2022 @ 20:49:39 - Row :99 - Tag imported successfully.
06-09-2022 @ 20:49:39 - Row :100 - Parsing item.
06-09-2022 @ 20:49:39 - Row :100 - Processing item.
06-09-2022 @ 20:49:39 - Row :100 - Tag imported successfully.
06-09-2022 @ 20:49:45 - Preparing for import.
06-09-2022 @ 20:49:45 - Row :101 - Parsing item.
06-09-2022 @ 20:49:45 - Row :101 - Processing item.
06-09-2022 @ 20:49:45 - Row :101 - Tag imported successfully.
06-09-2022 @ 20:49:45 - Row :102 - Parsing item.
06-09-2022 @ 20:49:45 - Row :102 - Processing item.
06-09-2022 @ 20:49:45 - Row :102 - Tag imported successfully.
06-09-2022 @ 20:49:45 - Row :103 - Parsing item.
06-09-2022 @ 20:49:45 - Row :103 - Processing item.
06-09-2022 @ 20:49:45 - Row :103 - Tag imported successfully.
06-09-2022 @ 20:49:45 - Row :104 - Parsing item.
06-09-2022 @ 20:49:45 - Row :104 - Processing item.
06-09-2022 @ 20:49:45 - Row :104 - Tag imported successfully.
06-09-2022 @ 20:49:45 - Row :105 - Parsing item.
06-09-2022 @ 20:49:45 - Row :105 - Processing item.
06-09-2022 @ 20:49:45 - Row :105 - Tag imported successfully.
06-09-2022 @ 20:49:45 - Row :106 - Parsing item.
06-09-2022 @ 20:49:45 - Row :106 - Processing item.
06-09-2022 @ 20:49:46 - Row :106 - Tag imported successfully.
06-09-2022 @ 20:49:46 - Row :107 - Parsing item.
06-09-2022 @ 20:49:46 - Row :107 - Processing item.
06-09-2022 @ 20:49:46 - Row :107 - Tag imported successfully.
06-09-2022 @ 20:49:46 - Row :108 - Parsing item.
06-09-2022 @ 20:49:46 - Row :108 - Processing item.
06-09-2022 @ 20:49:46 - Row :108 - Tag imported successfully.
06-09-2022 @ 20:49:46 - Row :109 - Parsing item.
06-09-2022 @ 20:49:46 - Row :109 - Processing item.
06-09-2022 @ 20:49:46 - Row :109 - Tag imported successfully.
06-09-2022 @ 20:49:46 - Row :110 - Parsing item.
06-09-2022 @ 20:49:46 - Row :110 - Processing item.
06-09-2022 @ 20:49:46 - Row :110 - Tag imported successfully.
06-09-2022 @ 20:49:51 - Preparing for import.
06-09-2022 @ 20:49:51 - Row :111 - Parsing item.
06-09-2022 @ 20:49:51 - Row :111 - Processing item.
06-09-2022 @ 20:49:51 - Row :111 - Tag imported successfully.
06-09-2022 @ 20:49:51 - Row :112 - Parsing item.
06-09-2022 @ 20:49:51 - Row :112 - Processing item.
06-09-2022 @ 20:49:51 - Row :112 - Tag imported successfully.
06-09-2022 @ 20:49:51 - Row :113 - Parsing item.
06-09-2022 @ 20:49:51 - Row :113 - Processing item.
06-09-2022 @ 20:49:51 - Row :113 - Tag imported successfully.
06-09-2022 @ 20:49:51 - Row :114 - Parsing item.
06-09-2022 @ 20:49:51 - Row :114 - Processing item.
06-09-2022 @ 20:49:51 - Row :114 - Tag imported successfully.
06-09-2022 @ 20:49:51 - Row :115 - Parsing item.
06-09-2022 @ 20:49:51 - Row :115 - Processing item.
06-09-2022 @ 20:49:51 - Row :115 - Tag imported successfully.
06-09-2022 @ 20:49:51 - Row :116 - Parsing item.
06-09-2022 @ 20:49:51 - Row :116 - Processing item.
06-09-2022 @ 20:49:51 - Row :116 - Tag imported successfully.
06-09-2022 @ 20:49:51 - Row :117 - Parsing item.
06-09-2022 @ 20:49:51 - Row :117 - Processing item.
06-09-2022 @ 20:49:52 - Row :117 - Tag imported successfully.
06-09-2022 @ 20:49:52 - Row :118 - Parsing item.
06-09-2022 @ 20:49:52 - Row :118 - Processing item.
06-09-2022 @ 20:49:52 - Row :118 - Tag imported successfully.
06-09-2022 @ 20:49:52 - Row :119 - Parsing item.
06-09-2022 @ 20:49:52 - Row :119 - Processing item.
06-09-2022 @ 20:49:52 - Row :119 - Tag imported successfully.
06-09-2022 @ 20:49:52 - Row :120 - Parsing item.
06-09-2022 @ 20:49:52 - Row :120 - Processing item.
06-09-2022 @ 20:49:52 - Row :120 - Tag imported successfully.
06-09-2022 @ 20:49:56 - Preparing for import.
06-09-2022 @ 20:49:56 - Row :121 - Parsing item.
06-09-2022 @ 20:49:56 - Row :121 - Processing item.
06-09-2022 @ 20:49:57 - Row :121 - Tag imported successfully.
06-09-2022 @ 20:49:57 - Row :122 - Parsing item.
06-09-2022 @ 20:49:57 - Row :122 - Processing item.
06-09-2022 @ 20:49:57 - Row :122 - Tag imported successfully.
06-09-2022 @ 20:49:57 - Row :123 - Parsing item.
06-09-2022 @ 20:49:57 - Row :123 - Processing item.
06-09-2022 @ 20:49:57 - Row :123 - Tag imported successfully.
06-09-2022 @ 20:49:57 - Row :124 - Parsing item.
06-09-2022 @ 20:49:57 - Row :124 - Processing item.
06-09-2022 @ 20:49:57 - Row :124 - Tag imported successfully.
06-09-2022 @ 20:49:57 - Row :125 - Parsing item.
06-09-2022 @ 20:49:57 - Row :125 - Processing item.
06-09-2022 @ 20:49:57 - Row :125 - Tag imported successfully.
06-09-2022 @ 20:49:57 - Row :126 - Parsing item.
06-09-2022 @ 20:49:57 - Row :126 - Processing item.
06-09-2022 @ 20:49:57 - Row :126 - Tag imported successfully.
06-09-2022 @ 20:49:57 - Row :127 - Parsing item.
06-09-2022 @ 20:49:57 - Row :127 - Processing item.
06-09-2022 @ 20:49:57 - Row :127 - Tag imported successfully.
06-09-2022 @ 20:49:57 - Row :128 - Parsing item.
06-09-2022 @ 20:49:57 - Row :128 - Processing item.
06-09-2022 @ 20:49:57 - Row :128 - Tag imported successfully.
06-09-2022 @ 20:49:57 - Row :129 - Parsing item.
06-09-2022 @ 20:49:57 - Row :129 - Processing item.
06-09-2022 @ 20:49:57 - Row :129 - Tag imported successfully.
06-09-2022 @ 20:49:57 - Row :130 - Parsing item.
06-09-2022 @ 20:49:57 - Row :130 - Processing item.
06-09-2022 @ 20:49:57 - Row :130 - Tag imported successfully.
06-09-2022 @ 20:50:02 - Preparing for import.
06-09-2022 @ 20:50:02 - Row :131 - Parsing item.
06-09-2022 @ 20:50:02 - Row :131 - Processing item.
06-09-2022 @ 20:50:02 - Row :131 - Tag imported successfully.
06-09-2022 @ 20:50:02 - ---[ Import ended at 2022-06-09 20:50:02]---
