06-09-2022 @ 20:58:02 - ---[ New import started at 2022-06-09 20:58:02 ] PHP Memory: 2 GB, WP Memory: 40 MB
06-09-2022 @ 20:58:02 - Preparing for import.
06-09-2022 @ 20:58:02 - Row :1 - Parsing item.
06-09-2022 @ 20:58:02 - Importing as new product ID:171
06-09-2022 @ 20:58:02 - Row :1 - Processing item.
06-09-2022 @ 20:58:02 - Found simple product object. ID:171
06-09-2022 @ 20:58:02 - Setting Featured Image. URL:http://tengu.anime-shop.com/wp-content/uploads/2022/04/ceh1.jpeg
06-09-2022 @ 20:58:02 - URL:http://tengu.anime-shop.com/wp-content/uploads/2022/04/ceh1.jpeg Reason:Error getting remote image http://tengu.anime-shop.com/wp-content/uploads/2022/04/ceh1.jpeg. Error: A valid URL was not provided.
06-09-2022 @ 20:58:03 - Row :1 - Product imported successfully.
06-09-2022 @ 20:58:03 - Row :2 - Parsing item.
06-09-2022 @ 20:58:03 - Importing as new product ID:180
06-09-2022 @ 20:58:03 - Row :2 - Processing item.
06-09-2022 @ 20:58:03 - Found simple product object. ID:180
06-09-2022 @ 20:58:03 - Setting Featured Image. URL:http://tengu.anime-shop.com/wp-content/uploads/2022/04/ceh5.jpg
06-09-2022 @ 20:58:03 - URL:http://tengu.anime-shop.com/wp-content/uploads/2022/04/ceh5.jpg Reason:Error getting remote image http://tengu.anime-shop.com/wp-content/uploads/2022/04/ceh5.jpg. Error: A valid URL was not provided.
06-09-2022 @ 20:58:04 - Row :2 - Product imported successfully.
06-09-2022 @ 20:58:04 - Row :3 - Parsing item.
06-09-2022 @ 20:58:04 - Importing as new product ID:202
06-09-2022 @ 20:58:04 - Row :3 - Processing item.
06-09-2022 @ 20:58:04 - Found simple product object. ID:202
06-09-2022 @ 20:58:04 - Setting Featured Image. URL:http://tengu.anime-shop.com/wp-content/uploads/2022/04/Hc805131012e14e60a5e4d8938f689fa6P.jpg
06-09-2022 @ 20:58:04 - URL:http://tengu.anime-shop.com/wp-content/uploads/2022/04/Hc805131012e14e60a5e4d8938f689fa6P.jpg Reason:Error getting remote image http://tengu.anime-shop.com/wp-content/uploads/2022/04/Hc805131012e14e60a5e4d8938f689fa6P.jpg. Error: A valid URL was not provided.
06-09-2022 @ 20:58:05 - Row :3 - Product imported successfully.
06-09-2022 @ 20:58:05 - Row :4 - Parsing item.
06-09-2022 @ 20:58:05 - Importing as new product ID:212
06-09-2022 @ 20:58:05 - Row :4 - Processing item.
06-09-2022 @ 20:58:05 - Found simple product object. ID:212
06-09-2022 @ 20:58:05 - Setting Featured Image. URL:http://tengu.anime-shop.com/wp-content/uploads/2022/04/4b8c129ff58d0202e880f4b7df07ed08ae7af31a_original.jpeg
06-09-2022 @ 20:58:05 - URL:http://tengu.anime-shop.com/wp-content/uploads/2022/04/4b8c129ff58d0202e880f4b7df07ed08ae7af31a_original.jpeg Reason:Error getting remote image http://tengu.anime-shop.com/wp-content/uploads/2022/04/4b8c129ff58d0202e880f4b7df07ed08ae7af31a_original.jpeg. Error: A valid URL was not provided.
06-09-2022 @ 20:58:06 - Row :4 - Product imported successfully.
06-09-2022 @ 20:58:06 - Row :5 - Parsing item.
06-09-2022 @ 20:58:06 - Importing as new product ID:214
06-09-2022 @ 20:58:06 - Row :5 - Processing item.
06-09-2022 @ 20:58:06 - Found simple product object. ID:214
06-09-2022 @ 20:58:06 - Setting Featured Image. URL:http://tengu.anime-shop.com/wp-content/uploads/2022/04/51vP-tKYmhL._AC_SY580_-1.jpg
06-09-2022 @ 20:58:06 - URL:http://tengu.anime-shop.com/wp-content/uploads/2022/04/51vP-tKYmhL._AC_SY580_-1.jpg Reason:Error getting remote image http://tengu.anime-shop.com/wp-content/uploads/2022/04/51vP-tKYmhL._AC_SY580_-1.jpg. Error: A valid URL was not provided.
06-09-2022 @ 20:58:06 - Row :5 - Product imported successfully.
06-09-2022 @ 20:58:06 - Row :6 - Parsing item.
06-09-2022 @ 20:58:07 - Importing as new product ID:216
06-09-2022 @ 20:58:07 - Row :6 - Processing item.
06-09-2022 @ 20:58:07 - Found simple product object. ID:216
06-09-2022 @ 20:58:07 - Setting Featured Image. URL:http://tengu.anime-shop.com/wp-content/uploads/2022/04/H95d047efdede4c268489e02b6b6a6f9eE.jpg
06-09-2022 @ 20:58:07 - URL:http://tengu.anime-shop.com/wp-content/uploads/2022/04/H95d047efdede4c268489e02b6b6a6f9eE.jpg Reason:Error getting remote image http://tengu.anime-shop.com/wp-content/uploads/2022/04/H95d047efdede4c268489e02b6b6a6f9eE.jpg. Error: A valid URL was not provided.
06-09-2022 @ 20:58:07 - Row :6 - Product imported successfully.
06-09-2022 @ 20:58:07 - Row :7 - Parsing item.
06-09-2022 @ 20:58:07 - Importing as new product ID:217
06-09-2022 @ 20:58:07 - Row :7 - Processing item.
06-09-2022 @ 20:58:07 - Found simple product object. ID:217
06-09-2022 @ 20:58:07 - Setting Featured Image. URL:http://tengu.anime-shop.com/wp-content/uploads/2022/04/8931.970x0.jpg
06-09-2022 @ 20:58:07 - URL:http://tengu.anime-shop.com/wp-content/uploads/2022/04/8931.970x0.jpg Reason:Error getting remote image http://tengu.anime-shop.com/wp-content/uploads/2022/04/8931.970x0.jpg. Error: A valid URL was not provided.
06-09-2022 @ 20:58:08 - Row :7 - Product imported successfully.
06-09-2022 @ 20:58:08 - Row :8 - Parsing item.
06-09-2022 @ 20:58:08 - Importing as new product ID:219
06-09-2022 @ 20:58:08 - Row :8 - Processing item.
06-09-2022 @ 20:58:08 - Found simple product object. ID:219
06-09-2022 @ 20:58:08 - Setting Featured Image. URL:http://tengu.anime-shop.com/wp-content/uploads/2022/04/Без-названия-1.jpg
06-09-2022 @ 20:58:08 - URL:http://tengu.anime-shop.com/wp-content/uploads/2022/04/Без-названия-1.jpg Reason:Error getting remote image http://tengu.anime-shop.com/wp-content/uploads/2022/04/Без-названия-1.jpg. Error: A valid URL was not provided.
06-09-2022 @ 20:58:09 - Row :8 - Product imported successfully.
06-09-2022 @ 20:58:09 - Row :9 - Parsing item.
06-09-2022 @ 20:58:09 - Importing as new product ID:221
06-09-2022 @ 20:58:09 - Row :9 - Processing item.
06-09-2022 @ 20:58:09 - Found simple product object. ID:221
06-09-2022 @ 20:58:09 - Setting Featured Image. URL:http://tengu.anime-shop.com/wp-content/uploads/2022/04/f606b2ce263dc4a22007300f5da183e5.jpg
06-09-2022 @ 20:58:09 - URL:http://tengu.anime-shop.com/wp-content/uploads/2022/04/f606b2ce263dc4a22007300f5da183e5.jpg Reason:Error getting remote image http://tengu.anime-shop.com/wp-content/uploads/2022/04/f606b2ce263dc4a22007300f5da183e5.jpg. Error: A valid URL was not provided.
06-09-2022 @ 20:58:10 - Row :9 - Product imported successfully.
06-09-2022 @ 20:58:10 - Row :10 - Parsing item.
06-09-2022 @ 20:58:10 - Importing as new product ID:224
06-09-2022 @ 20:58:10 - Row :10 - Processing item.
06-09-2022 @ 20:58:10 - Found simple product object. ID:224
06-09-2022 @ 20:58:10 - Setting Featured Image. URL:http://tengu.anime-shop.com/wp-content/uploads/2022/04/HTB1kH0_GVXXXXbuXXXXq6xXFXXXj-1.jpg
06-09-2022 @ 20:58:10 - URL:http://tengu.anime-shop.com/wp-content/uploads/2022/04/HTB1kH0_GVXXXXbuXXXXq6xXFXXXj-1.jpg Reason:Error getting remote image http://tengu.anime-shop.com/wp-content/uploads/2022/04/HTB1kH0_GVXXXXbuXXXXq6xXFXXXj-1.jpg. Error: A valid URL was not provided.
06-09-2022 @ 20:58:11 - Row :10 - Product imported successfully.
06-09-2022 @ 20:58:16 - Preparing for import.
06-09-2022 @ 20:58:16 - Row :11 - Parsing item.
06-09-2022 @ 20:58:16 - Importing as new product ID:226
06-09-2022 @ 20:58:16 - Row :11 - Processing item.
06-09-2022 @ 20:58:16 - Found simple product object. ID:226
06-09-2022 @ 20:58:16 - Setting Featured Image. URL:http://tengu.anime-shop.com/wp-content/uploads/2022/04/pol_pl_Paluszki-Pocky-Truskawkowe-45g-Glico-904_2-1.png
06-09-2022 @ 20:58:16 - URL:http://tengu.anime-shop.com/wp-content/uploads/2022/04/pol_pl_Paluszki-Pocky-Truskawkowe-45g-Glico-904_2-1.png Reason:Error getting remote image http://tengu.anime-shop.com/wp-content/uploads/2022/04/pol_pl_Paluszki-Pocky-Truskawkowe-45g-Glico-904_2-1.png. Error: A valid URL was not provided.
06-09-2022 @ 20:58:17 - Row :11 - Product imported successfully.
06-09-2022 @ 20:58:17 - Row :12 - Parsing item.
06-09-2022 @ 20:58:17 - Importing as new product ID:229
06-09-2022 @ 20:58:17 - Row :12 - Processing item.
06-09-2022 @ 20:58:17 - Found simple product object. ID:229
06-09-2022 @ 20:58:17 - Setting Featured Image. URL:http://tengu.anime-shop.com/wp-content/uploads/2022/04/58.jpg
06-09-2022 @ 20:58:17 - URL:http://tengu.anime-shop.com/wp-content/uploads/2022/04/58.jpg Reason:Error getting remote image http://tengu.anime-shop.com/wp-content/uploads/2022/04/58.jpg. Error: A valid URL was not provided.
06-09-2022 @ 20:58:17 - Setting Gallery Images.
06-09-2022 @ 20:58:17 - Image URL:http://tengu.anime-shop.com/wp-content/uploads/2022/04/58х.jpg
06-09-2022 @ 20:58:17 - URL:http://tengu.anime-shop.com/wp-content/uploads/2022/04/58х.jpg Reason:Error getting remote image http://tengu.anime-shop.com/wp-content/uploads/2022/04/58х.jpg. Error: A valid URL was not provided.
06-09-2022 @ 20:58:18 - Row :12 - Product imported successfully.
06-09-2022 @ 20:58:18 - Row :13 - Parsing item.
06-09-2022 @ 20:58:18 - Importing as new product ID:232
06-09-2022 @ 20:58:18 - Row :13 - Processing item.
06-09-2022 @ 20:58:18 - Found simple product object. ID:232
06-09-2022 @ 20:58:18 - Setting Featured Image. URL:http://tengu.anime-shop.com/wp-content/uploads/2022/04/Hd7c33becfebe4cdeb8ab23e6cf44c0ebT.webp
06-09-2022 @ 20:58:18 - URL:http://tengu.anime-shop.com/wp-content/uploads/2022/04/Hd7c33becfebe4cdeb8ab23e6cf44c0ebT.webp Reason:Error getting remote image http://tengu.anime-shop.com/wp-content/uploads/2022/04/Hd7c33becfebe4cdeb8ab23e6cf44c0ebT.webp. Error: A valid URL was not provided.
06-09-2022 @ 20:58:18 - Setting Gallery Images.
06-09-2022 @ 20:58:18 - Image URL:http://tengu.anime-shop.com/wp-content/uploads/2022/04/images.jpg
06-09-2022 @ 20:58:18 - URL:http://tengu.anime-shop.com/wp-content/uploads/2022/04/images.jpg Reason:Error getting remote image http://tengu.anime-shop.com/wp-content/uploads/2022/04/images.jpg. Error: A valid URL was not provided.
06-09-2022 @ 20:58:18 - Image URL:http://tengu.anime-shop.com/wp-content/uploads/2022/04/He4b75cd34678469197f14fe011f44c8fQ.jpg
06-09-2022 @ 20:58:18 - URL:http://tengu.anime-shop.com/wp-content/uploads/2022/04/He4b75cd34678469197f14fe011f44c8fQ.jpg Reason:Error getting remote image http://tengu.anime-shop.com/wp-content/uploads/2022/04/He4b75cd34678469197f14fe011f44c8fQ.jpg. Error: A valid URL was not provided.
06-09-2022 @ 20:58:19 - Row :13 - Product imported successfully.
06-09-2022 @ 20:58:19 - Row :14 - Parsing item.
06-09-2022 @ 20:58:19 - Importing as new product ID:236
06-09-2022 @ 20:58:19 - Row :14 - Processing item.
06-09-2022 @ 20:58:19 - Found simple product object. ID:236
06-09-2022 @ 20:58:19 - Setting Featured Image. URL:http://tengu.anime-shop.com/wp-content/uploads/2022/04/71493567.jpg
06-09-2022 @ 20:58:19 - URL:http://tengu.anime-shop.com/wp-content/uploads/2022/04/71493567.jpg Reason:Error getting remote image http://tengu.anime-shop.com/wp-content/uploads/2022/04/71493567.jpg. Error: A valid URL was not provided.
06-09-2022 @ 20:58:19 - Row :14 - Product imported successfully.
06-09-2022 @ 20:58:19 - Row :15 - Parsing item.
06-09-2022 @ 20:58:20 - Importing as new product ID:238
06-09-2022 @ 20:58:20 - Row :15 - Processing item.
06-09-2022 @ 20:58:20 - Found simple product object. ID:238
06-09-2022 @ 20:58:20 - Setting Featured Image. URL:http://tengu.anime-shop.com/wp-content/uploads/2022/04/original.webp
06-09-2022 @ 20:58:20 - URL:http://tengu.anime-shop.com/wp-content/uploads/2022/04/original.webp Reason:Error getting remote image http://tengu.anime-shop.com/wp-content/uploads/2022/04/original.webp. Error: A valid URL was not provided.
06-09-2022 @ 20:58:20 - Row :15 - Product imported successfully.
06-09-2022 @ 20:58:20 - Row :16 - Parsing item.
06-09-2022 @ 20:58:20 - Importing as new product ID:240
06-09-2022 @ 20:58:20 - Row :16 - Processing item.
06-09-2022 @ 20:58:20 - Found simple product object. ID:240
06-09-2022 @ 20:58:20 - Setting Featured Image. URL:http://tengu.anime-shop.com/wp-content/uploads/2022/04/A3Rj1Dkbv2EB6AdI84IVU1xwQHTwmsmvTrrxh3Xs.jpeg
06-09-2022 @ 20:58:20 - URL:http://tengu.anime-shop.com/wp-content/uploads/2022/04/A3Rj1Dkbv2EB6AdI84IVU1xwQHTwmsmvTrrxh3Xs.jpeg Reason:Error getting remote image http://tengu.anime-shop.com/wp-content/uploads/2022/04/A3Rj1Dkbv2EB6AdI84IVU1xwQHTwmsmvTrrxh3Xs.jpeg. Error: A valid URL was not provided.
06-09-2022 @ 20:58:20 - Setting Gallery Images.
06-09-2022 @ 20:58:20 - Image URL:http://tengu.anime-shop.com/wp-content/uploads/2022/04/Z25pPnWvzAIsk5b4OGgnqUVFK38Zg5h0ouK2m3Ht.jpeg
06-09-2022 @ 20:58:20 - URL:http://tengu.anime-shop.com/wp-content/uploads/2022/04/Z25pPnWvzAIsk5b4OGgnqUVFK38Zg5h0ouK2m3Ht.jpeg Reason:Error getting remote image http://tengu.anime-shop.com/wp-content/uploads/2022/04/Z25pPnWvzAIsk5b4OGgnqUVFK38Zg5h0ouK2m3Ht.jpeg. Error: A valid URL was not provided.
06-09-2022 @ 20:58:20 - Image URL:http://tengu.anime-shop.com/wp-content/uploads/2022/04/Zx1TXfWly1yNVOtr6k3EokH1klREP91i59zLzLu8.jpeg
06-09-2022 @ 20:58:20 - URL:http://tengu.anime-shop.com/wp-content/uploads/2022/04/Zx1TXfWly1yNVOtr6k3EokH1klREP91i59zLzLu8.jpeg Reason:Error getting remote image http://tengu.anime-shop.com/wp-content/uploads/2022/04/Zx1TXfWly1yNVOtr6k3EokH1klREP91i59zLzLu8.jpeg. Error: A valid URL was not provided.
06-09-2022 @ 20:58:20 - Image URL:http://tengu.anime-shop.com/wp-content/uploads/2022/04/0XyIdp368iszq5yyMIlD0vIYG652CdYXqttjovnf-scaled.jpeg
06-09-2022 @ 20:58:20 - URL:http://tengu.anime-shop.com/wp-content/uploads/2022/04/0XyIdp368iszq5yyMIlD0vIYG652CdYXqttjovnf-scaled.jpeg Reason:Error getting remote image http://tengu.anime-shop.com/wp-content/uploads/2022/04/0XyIdp368iszq5yyMIlD0vIYG652CdYXqttjovnf-scaled.jpeg. Error: A valid URL was not provided.
06-09-2022 @ 20:58:21 - Row :16 - Product imported successfully.
06-09-2022 @ 20:58:21 - Row :17 - Parsing item.
06-09-2022 @ 20:58:21 - Importing as new product ID:245
06-09-2022 @ 20:58:21 - Row :17 - Processing item.
06-09-2022 @ 20:58:21 - Found simple product object. ID:245
06-09-2022 @ 20:58:21 - Setting Featured Image. URL:http://tengu.anime-shop.com/wp-content/uploads/2022/04/rik-i-morti_144.jpg
06-09-2022 @ 20:58:21 - URL:http://tengu.anime-shop.com/wp-content/uploads/2022/04/rik-i-morti_144.jpg Reason:Error getting remote image http://tengu.anime-shop.com/wp-content/uploads/2022/04/rik-i-morti_144.jpg. Error: A valid URL was not provided.
06-09-2022 @ 20:58:21 - Setting Gallery Images.
06-09-2022 @ 20:58:21 - Image URL:http://tengu.anime-shop.com/wp-content/uploads/2022/04/cover.webp
06-09-2022 @ 20:58:21 - URL:http://tengu.anime-shop.com/wp-content/uploads/2022/04/cover.webp Reason:Error getting remote image http://tengu.anime-shop.com/wp-content/uploads/2022/04/cover.webp. Error: A valid URL was not provided.
06-09-2022 @ 20:58:22 - Row :17 - Product imported successfully.
06-09-2022 @ 20:58:22 - Row :18 - Parsing item.
06-09-2022 @ 20:58:22 - Importing as new product ID:248
06-09-2022 @ 20:58:22 - Row :18 - Processing item.
06-09-2022 @ 20:58:22 - Found simple product object. ID:248
06-09-2022 @ 20:58:22 - Setting Featured Image. URL:http://tengu.anime-shop.com/wp-content/uploads/2022/04/10672701_0.jpg
06-09-2022 @ 20:58:22 - URL:http://tengu.anime-shop.com/wp-content/uploads/2022/04/10672701_0.jpg Reason:Error getting remote image http://tengu.anime-shop.com/wp-content/uploads/2022/04/10672701_0.jpg. Error: A valid URL was not provided.
06-09-2022 @ 20:58:22 - Setting Gallery Images.
06-09-2022 @ 20:58:22 - Image URL:http://tengu.anime-shop.com/wp-content/uploads/2022/04/22850.0x450@2x.jpg
06-09-2022 @ 20:58:22 - URL:http://tengu.anime-shop.com/wp-content/uploads/2022/04/22850.0x450@2x.jpg Reason:Error getting remote image http://tengu.anime-shop.com/wp-content/uploads/2022/04/22850.0x450@2x.jpg. Error: A valid URL was not provided.
06-09-2022 @ 20:58:23 - Row :18 - Product imported successfully.
06-09-2022 @ 20:58:23 - Row :19 - Parsing item.
06-09-2022 @ 20:58:23 - Importing as new product ID:251
06-09-2022 @ 20:58:23 - Row :19 - Processing item.
06-09-2022 @ 20:58:23 - Found simple product object. ID:251
06-09-2022 @ 20:58:23 - Setting Featured Image. URL:http://tengu.anime-shop.com/wp-content/uploads/2022/04/3184233290_manga-ubit-stalkera.webp
06-09-2022 @ 20:58:23 - URL:http://tengu.anime-shop.com/wp-content/uploads/2022/04/3184233290_manga-ubit-stalkera.webp Reason:Error getting remote image http://tengu.anime-shop.com/wp-content/uploads/2022/04/3184233290_manga-ubit-stalkera.webp. Error: A valid URL was not provided.
06-09-2022 @ 20:58:23 - Setting Gallery Images.
06-09-2022 @ 20:58:23 - Image URL:http://tengu.anime-shop.com/wp-content/uploads/2022/04/unnamed-file.jpg
06-09-2022 @ 20:58:23 - URL:http://tengu.anime-shop.com/wp-content/uploads/2022/04/unnamed-file.jpg Reason:Error getting remote image http://tengu.anime-shop.com/wp-content/uploads/2022/04/unnamed-file.jpg. Error: A valid URL was not provided.
06-09-2022 @ 20:58:24 - Row :19 - Product imported successfully.
06-09-2022 @ 20:58:24 - Row :20 - Parsing item.
06-09-2022 @ 20:58:24 - Importing as new product ID:254
06-09-2022 @ 20:58:24 - Row :20 - Processing item.
06-09-2022 @ 20:58:24 - Found simple product object. ID:254
06-09-2022 @ 20:58:24 - Setting Featured Image. URL:http://tengu.anime-shop.com/wp-content/uploads/2022/04/01d7d0c25b45324a31553e4694614a71b87ca186_original.jpeg
06-09-2022 @ 20:58:24 - URL:http://tengu.anime-shop.com/wp-content/uploads/2022/04/01d7d0c25b45324a31553e4694614a71b87ca186_original.jpeg Reason:Error getting remote image http://tengu.anime-shop.com/wp-content/uploads/2022/04/01d7d0c25b45324a31553e4694614a71b87ca186_original.jpeg. Error: A valid URL was not provided.
06-09-2022 @ 20:58:24 - Setting Gallery Images.
06-09-2022 @ 20:58:24 - Image URL:http://tengu.anime-shop.com/wp-content/uploads/2022/04/rBVaVFzBXhqAW1QNAAKoAD7UdFQ636.jpg
06-09-2022 @ 20:58:24 - URL:http://tengu.anime-shop.com/wp-content/uploads/2022/04/rBVaVFzBXhqAW1QNAAKoAD7UdFQ636.jpg Reason:Error getting remote image http://tengu.anime-shop.com/wp-content/uploads/2022/04/rBVaVFzBXhqAW1QNAAKoAD7UdFQ636.jpg. Error: A valid URL was not provided.
06-09-2022 @ 20:58:24 - Image URL:http://tengu.anime-shop.com/wp-content/uploads/2022/04/77.jpg
06-09-2022 @ 20:58:24 - URL:http://tengu.anime-shop.com/wp-content/uploads/2022/04/77.jpg Reason:Error getting remote image http://tengu.anime-shop.com/wp-content/uploads/2022/04/77.jpg. Error: A valid URL was not provided.
06-09-2022 @ 20:58:25 - Row :20 - Product imported successfully.
06-09-2022 @ 20:58:29 - Preparing for import.
06-09-2022 @ 20:58:29 - Row :21 - Parsing item.
06-09-2022 @ 20:58:30 - Importing as new product ID:258
06-09-2022 @ 20:58:30 - Row :21 - Processing item.
06-09-2022 @ 20:58:30 - Found simple product object. ID:258
06-09-2022 @ 20:58:30 - Setting Featured Image. URL:http://tengu.anime-shop.com/wp-content/uploads/2022/04/2993186704_plakat-anime-igry.webp
06-09-2022 @ 20:58:30 - URL:http://tengu.anime-shop.com/wp-content/uploads/2022/04/2993186704_plakat-anime-igry.webp Reason:Error getting remote image http://tengu.anime-shop.com/wp-content/uploads/2022/04/2993186704_plakat-anime-igry.webp. Error: A valid URL was not provided.
06-09-2022 @ 20:58:30 - Setting Gallery Images.
06-09-2022 @ 20:58:30 - Image URL:http://tengu.anime-shop.com/wp-content/uploads/2022/04/images-1.jpg
06-09-2022 @ 20:58:30 - URL:http://tengu.anime-shop.com/wp-content/uploads/2022/04/images-1.jpg Reason:Error getting remote image http://tengu.anime-shop.com/wp-content/uploads/2022/04/images-1.jpg. Error: A valid URL was not provided.
06-09-2022 @ 20:58:30 - Row :21 - Product imported successfully.
06-09-2022 @ 20:58:30 - Row :22 - Parsing item.
06-09-2022 @ 20:58:31 - Importing as new product ID:261
06-09-2022 @ 20:58:31 - Row :22 - Processing item.
06-09-2022 @ 20:58:31 - Found simple product object. ID:261
06-09-2022 @ 20:58:31 - Setting Featured Image. URL:http://tengu.anime-shop.com/wp-content/uploads/2022/04/d4320dcfecbfb24cc5400e205b2beb1a.jpg
06-09-2022 @ 20:58:31 - URL:http://tengu.anime-shop.com/wp-content/uploads/2022/04/d4320dcfecbfb24cc5400e205b2beb1a.jpg Reason:Error getting remote image http://tengu.anime-shop.com/wp-content/uploads/2022/04/d4320dcfecbfb24cc5400e205b2beb1a.jpg. Error: A valid URL was not provided.
06-09-2022 @ 20:58:31 - Row :22 - Product imported successfully.
06-09-2022 @ 20:58:31 - Row :23 - Parsing item.
06-09-2022 @ 20:58:31 - Importing as new product ID:266
06-09-2022 @ 20:58:31 - Row :23 - Processing item.
06-09-2022 @ 20:58:31 - Found simple product object. ID:266
06-09-2022 @ 20:58:31 - Setting Featured Image. URL:http://tengu.anime-shop.com/wp-content/uploads/2022/04/159699355.jpg
06-09-2022 @ 20:58:31 - URL:http://tengu.anime-shop.com/wp-content/uploads/2022/04/159699355.jpg Reason:Error getting remote image http://tengu.anime-shop.com/wp-content/uploads/2022/04/159699355.jpg. Error: A valid URL was not provided.
06-09-2022 @ 20:58:31 - Setting Gallery Images.
06-09-2022 @ 20:58:31 - Image URL:http://tengu.anime-shop.com/wp-content/uploads/2022/04/159699354.jpg
06-09-2022 @ 20:58:31 - URL:http://tengu.anime-shop.com/wp-content/uploads/2022/04/159699354.jpg Reason:Error getting remote image http://tengu.anime-shop.com/wp-content/uploads/2022/04/159699354.jpg. Error: A valid URL was not provided.
06-09-2022 @ 20:58:32 - Row :23 - Product imported successfully.
06-09-2022 @ 20:58:32 - Row :24 - Parsing item.
06-09-2022 @ 20:58:32 - Importing as new product ID:269
06-09-2022 @ 20:58:32 - Row :24 - Processing item.
06-09-2022 @ 20:58:32 - Found simple product object. ID:269
06-09-2022 @ 20:58:32 - Setting Featured Image. URL:http://tengu.anime-shop.com/wp-content/uploads/2022/04/3176770709_podushka-anime-tsi.webp
06-09-2022 @ 20:58:32 - URL:http://tengu.anime-shop.com/wp-content/uploads/2022/04/3176770709_podushka-anime-tsi.webp Reason:Error getting remote image http://tengu.anime-shop.com/wp-content/uploads/2022/04/3176770709_podushka-anime-tsi.webp. Error: A valid URL was not provided.
06-09-2022 @ 20:58:33 - Row :24 - Product imported successfully.
06-09-2022 @ 20:58:33 - Row :25 - Parsing item.
06-09-2022 @ 20:58:33 - Importing as new product ID:273
06-09-2022 @ 20:58:33 - Row :25 - Processing item.
06-09-2022 @ 20:58:33 - Found simple product object. ID:273
06-09-2022 @ 20:58:33 - Setting Featured Image. URL:http://tengu.anime-shop.com/wp-content/uploads/2022/04/zoom.jpg
06-09-2022 @ 20:58:33 - URL:http://tengu.anime-shop.com/wp-content/uploads/2022/04/zoom.jpg Reason:Error getting remote image http://tengu.anime-shop.com/wp-content/uploads/2022/04/zoom.jpg. Error: A valid URL was not provided.
06-09-2022 @ 20:58:33 - Setting Gallery Images.
06-09-2022 @ 20:58:33 - Image URL:http://tengu.anime-shop.com/wp-content/uploads/2022/04/zoom-1.jpg
06-09-2022 @ 20:58:33 - URL:http://tengu.anime-shop.com/wp-content/uploads/2022/04/zoom-1.jpg Reason:Error getting remote image http://tengu.anime-shop.com/wp-content/uploads/2022/04/zoom-1.jpg. Error: A valid URL was not provided.
06-09-2022 @ 20:58:34 - Row :25 - Product imported successfully.
06-09-2022 @ 20:58:34 - Row :26 - Parsing item.
06-09-2022 @ 20:58:34 - Importing as new product ID:276
06-09-2022 @ 20:58:34 - Row :26 - Processing item.
06-09-2022 @ 20:58:34 - Found simple product object. ID:276
06-09-2022 @ 20:58:34 - Setting Featured Image. URL:http://tengu.anime-shop.com/wp-content/uploads/2022/04/Без-названия-2.jpg
06-09-2022 @ 20:58:34 - URL:http://tengu.anime-shop.com/wp-content/uploads/2022/04/Без-названия-2.jpg Reason:Error getting remote image http://tengu.anime-shop.com/wp-content/uploads/2022/04/Без-названия-2.jpg. Error: A valid URL was not provided.
06-09-2022 @ 20:58:34 - Setting Gallery Images.
06-09-2022 @ 20:58:34 - Image URL:http://tengu.anime-shop.com/wp-content/uploads/2022/04/41CRfXl-OL._AC_SL1000_.jpg
06-09-2022 @ 20:58:34 - URL:http://tengu.anime-shop.com/wp-content/uploads/2022/04/41CRfXl-OL._AC_SL1000_.jpg Reason:Error getting remote image http://tengu.anime-shop.com/wp-content/uploads/2022/04/41CRfXl-OL._AC_SL1000_.jpg. Error: A valid URL was not provided.
06-09-2022 @ 20:58:35 - Row :26 - Product imported successfully.
06-09-2022 @ 20:58:35 - Row :27 - Parsing item.
06-09-2022 @ 20:58:35 - Importing as new product ID:279
06-09-2022 @ 20:58:35 - Row :27 - Processing item.
06-09-2022 @ 20:58:35 - Found simple product object. ID:279
06-09-2022 @ 20:58:35 - Setting Featured Image. URL:http://tengu.anime-shop.com/wp-content/uploads/2022/04/97072eda8ac7281e34546600014bd9ce80196d5f_original.jpeg
06-09-2022 @ 20:58:35 - URL:http://tengu.anime-shop.com/wp-content/uploads/2022/04/97072eda8ac7281e34546600014bd9ce80196d5f_original.jpeg Reason:Error getting remote image http://tengu.anime-shop.com/wp-content/uploads/2022/04/97072eda8ac7281e34546600014bd9ce80196d5f_original.jpeg. Error: A valid URL was not provided.
06-09-2022 @ 20:58:35 - Setting Gallery Images.
06-09-2022 @ 20:58:35 - Image URL:http://tengu.anime-shop.com/wp-content/uploads/2022/04/parik-izuku-midoriya.jpg
06-09-2022 @ 20:58:35 - URL:http://tengu.anime-shop.com/wp-content/uploads/2022/04/parik-izuku-midoriya.jpg Reason:Error getting remote image http://tengu.anime-shop.com/wp-content/uploads/2022/04/parik-izuku-midoriya.jpg. Error: A valid URL was not provided.
06-09-2022 @ 20:58:35 - Image URL:http://tengu.anime-shop.com/wp-content/uploads/2022/04/271c930d78d6fce59b68f204cc4aabd206f70535_original.jpeg
06-09-2022 @ 20:58:35 - URL:http://tengu.anime-shop.com/wp-content/uploads/2022/04/271c930d78d6fce59b68f204cc4aabd206f70535_original.jpeg Reason:Error getting remote image http://tengu.anime-shop.com/wp-content/uploads/2022/04/271c930d78d6fce59b68f204cc4aabd206f70535_original.jpeg. Error: A valid URL was not provided.
06-09-2022 @ 20:58:36 - Row :27 - Product imported successfully.
06-09-2022 @ 20:58:36 - Row :28 - Parsing item.
06-09-2022 @ 20:58:36 - Importing as new product ID:289
06-09-2022 @ 20:58:36 - Row :28 - Processing item.
06-09-2022 @ 20:58:36 - Found simple product object. ID:289
06-09-2022 @ 20:58:36 - Setting Featured Image. URL:http://tengu.anime-shop.com/wp-content/uploads/2022/04/3233973625_w640_h640_shopper-anime.webp
06-09-2022 @ 20:58:36 - URL:http://tengu.anime-shop.com/wp-content/uploads/2022/04/3233973625_w640_h640_shopper-anime.webp Reason:Error getting remote image http://tengu.anime-shop.com/wp-content/uploads/2022/04/3233973625_w640_h640_shopper-anime.webp. Error: A valid URL was not provided.
06-09-2022 @ 20:58:37 - Row :28 - Product imported successfully.
06-09-2022 @ 20:58:37 - Row :29 - Parsing item.
06-09-2022 @ 20:58:37 - Importing as new product ID:427
06-09-2022 @ 20:58:37 - Row :29 - Processing item.
06-09-2022 @ 20:58:37 - Found simple product object. ID:427
06-09-2022 @ 20:58:37 - Setting Featured Image. URL:http://tengu.anime-shop.com/wp-content/uploads/2022/05/л1.jpg
06-09-2022 @ 20:58:37 - URL:http://tengu.anime-shop.com/wp-content/uploads/2022/05/л1.jpg Reason:Error getting remote image http://tengu.anime-shop.com/wp-content/uploads/2022/05/л1.jpg. Error: A valid URL was not provided.
06-09-2022 @ 20:58:37 - Setting Gallery Images.
06-09-2022 @ 20:58:37 - Image URL:http://tengu.anime-shop.com/wp-content/uploads/2022/05/л2.jpg
06-09-2022 @ 20:58:37 - URL:http://tengu.anime-shop.com/wp-content/uploads/2022/05/л2.jpg Reason:Error getting remote image http://tengu.anime-shop.com/wp-content/uploads/2022/05/л2.jpg. Error: A valid URL was not provided.
06-09-2022 @ 20:58:37 - Image URL:http://tengu.anime-shop.com/wp-content/uploads/2022/05/л3.jpg
06-09-2022 @ 20:58:37 - URL:http://tengu.anime-shop.com/wp-content/uploads/2022/05/л3.jpg Reason:Error getting remote image http://tengu.anime-shop.com/wp-content/uploads/2022/05/л3.jpg. Error: A valid URL was not provided.
06-09-2022 @ 20:58:37 - Image URL:http://tengu.anime-shop.com/wp-content/uploads/2022/05/л4.jpg
06-09-2022 @ 20:58:37 - URL:http://tengu.anime-shop.com/wp-content/uploads/2022/05/л4.jpg Reason:Error getting remote image http://tengu.anime-shop.com/wp-content/uploads/2022/05/л4.jpg. Error: A valid URL was not provided.
06-09-2022 @ 20:58:37 - Image URL:http://tengu.anime-shop.com/wp-content/uploads/2022/05/л5.jpg
06-09-2022 @ 20:58:37 - URL:http://tengu.anime-shop.com/wp-content/uploads/2022/05/л5.jpg Reason:Error getting remote image http://tengu.anime-shop.com/wp-content/uploads/2022/05/л5.jpg. Error: A valid URL was not provided.
06-09-2022 @ 20:58:38 - Row :29 - Product imported successfully.
06-09-2022 @ 20:58:38 - Row :30 - Parsing item.
06-09-2022 @ 20:58:38 - Importing as new product ID:450
06-09-2022 @ 20:58:38 - Row :30 - Processing item.
06-09-2022 @ 20:58:38 - Found simple product object. ID:450
06-09-2022 @ 20:58:38 - Setting Featured Image. URL:http://tengu.anime-shop.com/wp-content/uploads/2022/05/CS-455Q_1_800x.webp
06-09-2022 @ 20:58:38 - URL:http://tengu.anime-shop.com/wp-content/uploads/2022/05/CS-455Q_1_800x.webp Reason:Error getting remote image http://tengu.anime-shop.com/wp-content/uploads/2022/05/CS-455Q_1_800x.webp. Error: A valid URL was not provided.
06-09-2022 @ 20:58:38 - Setting Gallery Images.
06-09-2022 @ 20:58:38 - Image URL:http://tengu.anime-shop.com/wp-content/uploads/2022/05/Game-Genshin-Impact-Beidou-Cosplay-Wig-Long-Dark-Brown-Hair-C00285.jpg_Q90.jpg_.webp
06-09-2022 @ 20:58:38 - URL:http://tengu.anime-shop.com/wp-content/uploads/2022/05/Game-Genshin-Impact-Beidou-Cosplay-Wig-Long-Dark-Brown-Hair-C00285.jpg_Q90.jpg_.webp Reason:Error getting remote image http://tengu.anime-shop.com/wp-content/uploads/2022/05/Game-Genshin-Impact-Beidou-Cosplay-Wig-Long-Dark-Brown-Hair-C00285.jpg_Q90.jpg_.webp. Error: A valid URL was not provided.
06-09-2022 @ 20:58:38 - Image URL:http://tengu.anime-shop.com/wp-content/uploads/2022/05/1_O1CN01AJAHAz1HnMHJVHHXk_2881490802-800x800-1.jpg
06-09-2022 @ 20:58:38 - URL:http://tengu.anime-shop.com/wp-content/uploads/2022/05/1_O1CN01AJAHAz1HnMHJVHHXk_2881490802-800x800-1.jpg Reason:Error getting remote image http://tengu.anime-shop.com/wp-content/uploads/2022/05/1_O1CN01AJAHAz1HnMHJVHHXk_2881490802-800x800-1.jpg. Error: A valid URL was not provided.
06-09-2022 @ 20:58:39 - Row :30 - Product imported successfully.
06-09-2022 @ 20:58:39 - ---[ Import ended at 2022-06-09 20:58:39]---
